Using pre-set license
Built from '2020.3/staging' branch; Version is '2020.3.3f1 (76626098c1c4) revision 7758432'; Using compiler version '192528614'; Build Type 'Release'
OS: 'Windows 10 Pro; OS build 19042.928; Version 2009; 64bit' Language: 'en' Physical Memory: 16335 MB
BatchMode: 1, IsHumanControllingUs: 0, StartBugReporterOnCrash: 0, Is64bit: 1, IsPro: 0

 COMMAND LINE ARGUMENTS:
E:\Unity\Unity Editor\2020.3.3f1\Editor\Unity.exe
-adb2
-batchMode
-noUpm
-name
AssetImportWorker0
-projectPath
E:/Unity/blackJackGame
-logFile
Logs/AssetImportWorker0.log
-srvPort
56641
Successfully changed project path to: E:/Unity/blackJackGame
E:/Unity/blackJackGame
Using Asset Import Pipeline V2.
Refreshing native plugins compatible for Editor in 44.18 ms, found 1 plugins.
Preloading 0 native plugins for Editor in 0.00 ms.
Initialize engine version: 2020.3.3f1 (76626098c1c4)
[Subsystems] Discovering subsystems at path E:/Unity/Unity Editor/2020.3.3f1/Editor/Data/Resources/UnitySubsystems
[Subsystems] Discovering subsystems at path E:/Unity/blackJackGame/Assets
GfxDevice: creating device client; threaded=0
Direct3D:
    Version:  Direct3D 11.0 [level 11.1]
    Renderer: Radeon RX 580 Series (ID=0x67df)
    Vendor:   
    VRAM:     8171 MB
    Driver:   27.20.14501.28009
Initialize mono
Mono path[0] = 'E:/Unity/Unity Editor/2020.3.3f1/Editor/Data/Managed'
Mono path[1] = 'E:/Unity/Unity Editor/2020.3.3f1/Editor/Data/MonoBleedingEdge/lib/mono/unityjit'
Mono config path = 'E:/Unity/Unity Editor/2020.3.3f1/Editor/Data/MonoBleedingEdge/etc'
Using monoOptions --debugger-agent=transport=dt_socket,embedding=1,server=y,suspend=n,address=127.0.0.1:56016
Begin MonoManager ReloadAssembly
Registering precompiled unity dll's ...
Register platform support module: E:/Unity/Unity Editor/2020.3.3f1/Editor/Data/PlaybackEngines/WebGLSupport/UnityEditor.WebGL.Extensions.dll
Register platform support module: E:/Unity/Unity Editor/2020.3.3f1/Editor/Data/PlaybackEngines/WindowsStandaloneSupport/UnityEditor.WindowsStandalone.Extensions.dll
Registered in 0.001726 seconds.
Native extension for WindowsStandalone target not found
Native extension for WebGL target not found
Refreshing native plugins compatible for Editor in 45.13 ms, found 1 plugins.
Preloading 0 native plugins for Editor in 0.00 ms.
Invoked RoslynAnalysisRunner static constructor.
RoslynAnalysisRunner will not be running.
RoslynAnalysisRunner has terminated.
Mono: successfully reloaded assembly
- Completed reload, in  1.508 seconds
Platform modules already initialized, skipping
Registering precompiled user dll's ...
Registered in 0.001051 seconds.
Begin MonoManager ReloadAssembly
Native extension for WindowsStandalone target not found
Native extension for WebGL target not found
Refreshing native plugins compatible for Editor in 45.16 ms, found 1 plugins.
Preloading 0 native plugins for Editor in 0.00 ms.
Invoked RoslynAnalysisRunner static constructor.
RoslynAnalysisRunner will not be running.
RoslynAnalysisRunner has terminated.
Mono: successfully reloaded assembly
- Completed reload, in  1.037 seconds
Platform modules already initialized, skipping
========================================================================
Worker process is ready to serve import requests
Launched and connected shader compiler UnityShaderCompiler.exe after 0.09 seconds
Refreshing native plugins compatible for Editor in 0.37 ms, found 1 plugins.
Preloading 0 native plugins for Editor in 0.00 ms.
Unloading 1809 Unused Serialized files (Serialized files now loaded: 0)
System memory in use before: 98.4 MB.
System memory in use after: 98.4 MB.

Unloading 23 unused Assets to reduce memory usage. Loaded Objects now: 2271.
Total: 2.011800 ms (FindLiveObjects: 0.200100 ms CreateObjectMapping: 0.052600 ms MarkObjects: 1.644700 ms  DeleteObjects: 0.113500 ms)

========================================================================
Received Import Request.
  path: Assets/Playing Cards/Resource
  artifactKey: Guid(c971af88de317f44a8440f18359c8a44) Importer(815301076,1909f56bfc062723c751e8b465ee728b)
Start importing Assets/Playing Cards/Resource using Guid(c971af88de317f44a8440f18359c8a44) Importer(815301076,1909f56bfc062723c751e8b465ee728b)  -> (artifact id: '23ed2de21f432bd1ba387814505966b0') in 0.008686 seconds
  Import took 0.062126 seconds .

========================================================================
Received Import Request.
  Time since last request: 0.000172 seconds.
  path: Assets/Playing Cards/Image
  artifactKey: Guid(0e5b5d285f6d7bf4090681e92f8e3a3d) Importer(815301076,1909f56bfc062723c751e8b465ee728b)
Start importing Assets/Playing Cards/Image using Guid(0e5b5d285f6d7bf4090681e92f8e3a3d) Importer(815301076,1909f56bfc062723c751e8b465ee728b)  -> (artifact id: 'f09055939f800716abc049459a95a909') in 0.006129 seconds
  Import took 0.053891 seconds .

========================================================================
Received Import Request.
  Time since last request: 3.805974 seconds.
  path: Assets/Playing Cards/Image/PlayingCards/BackColor_Red.png
  artifactKey: Guid(1b5edfaa43a45d342b122c301a8184e0) Importer(815301076,1909f56bfc062723c751e8b465ee728b)
Start importing Assets/Playing Cards/Image/PlayingCards/BackColor_Red.png using Guid(1b5edfaa43a45d342b122c301a8184e0) Importer(815301076,1909f56bfc062723c751e8b465ee728b)  -> (artifact id: '5144ccd5d66d5f5436cf4b796cda67d3') in 0.128320 seconds
  Import took 0.135262 seconds .

========================================================================
Received Import Request.
  Time since last request: 11.681204 seconds.
  path: Assets/Playing Cards/Resource/Model/CasinoTable_SemiCircle_00.fbx
  artifactKey: Guid(60eea1f6663d1e345ba862e168ffae13) Importer(815301076,1909f56bfc062723c751e8b465ee728b)
Start importing Assets/Playing Cards/Resource/Model/CasinoTable_SemiCircle_00.fbx using Guid(60eea1f6663d1e345ba862e168ffae13) Importer(815301076,1909f56bfc062723c751e8b465ee728b)  -> (artifact id: 'a3651cce46a57dd2c3def27a6d44cc61') in 0.506264 seconds
  Import took 0.529010 seconds .

========================================================================
Received Import Request.
  Time since last request: 9.586760 seconds.
  path: Assets/Playing Cards/Resource/Model/Table_Rectangle_00.fbx
  artifactKey: Guid(468dc33abc85ce34293836ff4f64d32a) Importer(815301076,1909f56bfc062723c751e8b465ee728b)
Start importing Assets/Playing Cards/Resource/Model/Table_Rectangle_00.fbx using Guid(468dc33abc85ce34293836ff4f64d32a) Importer(815301076,1909f56bfc062723c751e8b465ee728b)  -> (artifact id: '81e73e2fb573c6116814b3e1ba5d6590') in 0.022555 seconds
  Import took 0.057537 seconds .

========================================================================
Received Import Request.
  Time since last request: 2.181555 seconds.
  path: Assets/Playing Cards/Resource/Model/Table_Square_00.fbx
  artifactKey: Guid(73bb6cab5d91c2b4b8cbadc1ae621f20) Importer(815301076,1909f56bfc062723c751e8b465ee728b)
Start importing Assets/Playing Cards/Resource/Model/Table_Square_00.fbx using Guid(73bb6cab5d91c2b4b8cbadc1ae621f20) Importer(815301076,1909f56bfc062723c751e8b465ee728b)  -> (artifact id: '9d5ea6028c34c1259651e81465ed7cf5') in 0.021082 seconds
  Import took 0.037176 seconds .

========================================================================
Received Import Request.
  Time since last request: 19.286588 seconds.
  path: Assets/Playing Cards/Resource/Model/Tower_00.fbx
  artifactKey: Guid(55a0682385c27a748b41dba2af534c8f) Importer(815301076,1909f56bfc062723c751e8b465ee728b)
Start importing Assets/Playing Cards/Resource/Model/Tower_00.fbx using Guid(55a0682385c27a748b41dba2af534c8f) Importer(815301076,1909f56bfc062723c751e8b465ee728b)  -> (artifact id: '6dad6e974a58950c54c08443b3e39c86') in 0.159536 seconds
  Import took 0.176040 seconds .

========================================================================
Received Import Request.
  Time since last request: 24.265151 seconds.
  path: Assets/Playing Cards/Resource/Model/5cards_00.fbx
  artifactKey: Guid(42d873f2c1d654a47a9c6dfb4dea2a4a) Importer(815301076,1909f56bfc062723c751e8b465ee728b)
Start importing Assets/Playing Cards/Resource/Model/5cards_00.fbx using Guid(42d873f2c1d654a47a9c6dfb4dea2a4a) Importer(815301076,1909f56bfc062723c751e8b465ee728b)  -> (artifact id: '8de16a23ecf8d8b964609596ade0a20c') in 0.040825 seconds
  Import took 0.044036 seconds .

========================================================================
Received Import Request.
  Time since last request: 2.599687 seconds.
  path: Assets/Playing Cards/Resource/Model/CasinoTable_Ellipse_00.fbx
  artifactKey: Guid(d08519c07d9eb994d9c4fd54afb21d45) Importer(815301076,1909f56bfc062723c751e8b465ee728b)
Start importing Assets/Playing Cards/Resource/Model/CasinoTable_Ellipse_00.fbx using Guid(d08519c07d9eb994d9c4fd54afb21d45) Importer(815301076,1909f56bfc062723c751e8b465ee728b)  -> (artifact id: '9445d8aa21ccdbf588d5623e16733b3c') in 0.019320 seconds
  Import took 0.023490 seconds .

========================================================================
Received Import Request.
  Time since last request: 13.842090 seconds.
  path: Assets/Playing Cards/Resource/Prefab/BackColor_Black/Black_PlayingCards_Club04_00.prefab
  artifactKey: Guid(ff26e91d329993c4a9d197dbd4f21d02) Importer(815301076,1909f56bfc062723c751e8b465ee728b)
Start importing Assets/Playing Cards/Resource/Prefab/BackColor_Black/Black_PlayingCards_Club04_00.prefab using Guid(ff26e91d329993c4a9d197dbd4f21d02) Importer(815301076,1909f56bfc062723c751e8b465ee728b)  -> (artifact id: '939be34d0e017582e108a7ea137f5148') in 0.378921 seconds
  Import took 0.382164 seconds .

========================================================================
Received Import Request.
  Time since last request: 0.001927 seconds.
  path: Assets/Playing Cards/Resource/Prefab/BackColor_Black/Black_PlayingCards_Club04_00.prefab
  artifactKey: Guid(ff26e91d329993c4a9d197dbd4f21d02) Importer(815301076,1909f56bfc062723c751e8b465ee728b)
Start importing Assets/Playing Cards/Resource/Prefab/BackColor_Black/Black_PlayingCards_Club04_00.prefab using Guid(ff26e91d329993c4a9d197dbd4f21d02) Importer(815301076,1909f56bfc062723c751e8b465ee728b)  -> (artifact id: '939be34d0e017582e108a7ea137f5148') in 0.011523 seconds
  Import took 0.030774 seconds .

========================================================================
Received Import Request.
  Time since last request: 9.922992 seconds.
  path: Assets/Playing Cards/Resource/Prefab/CasinoItem/CasinoTable_SemiCircle_00.prefab
  artifactKey: Guid(816b9128c8a29ca4fadbcd532547bce3) Importer(815301076,1909f56bfc062723c751e8b465ee728b)
Start importing Assets/Playing Cards/Resource/Prefab/CasinoItem/CasinoTable_SemiCircle_00.prefab using Guid(816b9128c8a29ca4fadbcd532547bce3) Importer(815301076,1909f56bfc062723c751e8b465ee728b)  -> (artifact id: 'fb96a2fdeaf1fba649b55308e3dc4a75') in 0.467183 seconds
  Import took 0.511601 seconds .

========================================================================
Received Import Request.
  Time since last request: 14.805184 seconds.
  path: Assets/Playing Cards/Resource/Prefab/CasinoItem/CasinoTable_Ellipse_00.prefab
  artifactKey: Guid(37aa84da846f5e249a00f8624102e099) Importer(815301076,1909f56bfc062723c751e8b465ee728b)
Start importing Assets/Playing Cards/Resource/Prefab/CasinoItem/CasinoTable_Ellipse_00.prefab using Guid(37aa84da846f5e249a00f8624102e099) Importer(815301076,1909f56bfc062723c751e8b465ee728b)  -> (artifact id: 'af817aeb2a56ff0ec745f2ad4be9799a') in 0.013692 seconds
  Import took 0.041383 seconds .

========================================================================
Received Import Request.
  Time since last request: 131.740601 seconds.
  path: Assets/Playing Cards/Resource/Prefab/CasinoItem/CasinoChip_Black_00.prefab
  artifactKey: Guid(24828e358252f3d4fa612008bf2e77cc) Importer(815301076,1909f56bfc062723c751e8b465ee728b)
Start importing Assets/Playing Cards/Resource/Prefab/CasinoItem/CasinoChip_Black_00.prefab using Guid(24828e358252f3d4fa612008bf2e77cc) Importer(815301076,1909f56bfc062723c751e8b465ee728b)  -> (artifact id: 'ed183349c23695c5dacf9b18cb64369f') in 0.126577 seconds
  Import took 0.156628 seconds .

========================================================================
Received Import Request.
  Time since last request: 0.476417 seconds.
  path: Assets/Playing Cards/Resource/Prefab/CasinoItem/CasinoChip_Green_00.prefab
  artifactKey: Guid(3b7fd375226f3ce438184bbd681b67d1) Importer(815301076,1909f56bfc062723c751e8b465ee728b)
Start importing Assets/Playing Cards/Resource/Prefab/CasinoItem/CasinoChip_Green_00.prefab using Guid(3b7fd375226f3ce438184bbd681b67d1) Importer(815301076,1909f56bfc062723c751e8b465ee728b)  -> (artifact id: 'e709b4741bd09ac6a3dc8fad3c96cdc8') in 0.084209 seconds
  Import took 0.100995 seconds .

========================================================================
Received Import Request.
  Time since last request: 10.086112 seconds.
  path: Assets/Playing Cards/Resource/Prefab/CasinoItem/Table_Rectangle_00.prefab
  artifactKey: Guid(8e5a9ad116c83b148bf0b0ef1da5f8c3) Importer(815301076,1909f56bfc062723c751e8b465ee728b)
Start importing Assets/Playing Cards/Resource/Prefab/CasinoItem/Table_Rectangle_00.prefab using Guid(8e5a9ad116c83b148bf0b0ef1da5f8c3) Importer(815301076,1909f56bfc062723c751e8b465ee728b)  -> (artifact id: '70997f0966d42a9b186debfc63385a7a') in 0.327453 seconds
  Import took 0.363291 seconds .

========================================================================
Received Import Request.
  Time since last request: 1.038199 seconds.
  path: Assets/Playing Cards/Resource/Prefab/CasinoItem/Table_Square_00.prefab
  artifactKey: Guid(f8a59f4e9fdd7a54e811e96aa28d43b7) Importer(815301076,1909f56bfc062723c751e8b465ee728b)
Start importing Assets/Playing Cards/Resource/Prefab/CasinoItem/Table_Square_00.prefab using Guid(f8a59f4e9fdd7a54e811e96aa28d43b7) Importer(815301076,1909f56bfc062723c751e8b465ee728b)  -> (artifact id: '4466659d99c13767ca630c04f57b0206') in 0.215719 seconds
  Import took 0.244796 seconds .

========================================================================
Received Import Request.
  Time since last request: 33.149129 seconds.
  path: Assets/Playing Cards/Resource/Model/PlayingCards_00.fbx
  artifactKey: Guid(0464afc39207ab540b94807b2273e3e5) Importer(815301076,1909f56bfc062723c751e8b465ee728b)
Start importing Assets/Playing Cards/Resource/Model/PlayingCards_00.fbx using Guid(0464afc39207ab540b94807b2273e3e5) Importer(815301076,1909f56bfc062723c751e8b465ee728b)  -> (artifact id: '54581387ebb77a382378d0b1e4192a15') in 0.021640 seconds
  Import took 0.068947 seconds .

========================================================================
Received Import Request.
  Time since last request: 0.000197 seconds.
  path: Assets/Playing Cards/Resource/Model/Spread_00.fbx
  artifactKey: Guid(74c8fdad6bf1c784a90cd94ff238cab2) Importer(815301076,1909f56bfc062723c751e8b465ee728b)
Start importing Assets/Playing Cards/Resource/Model/Spread_00.fbx using Guid(74c8fdad6bf1c784a90cd94ff238cab2) Importer(815301076,1909f56bfc062723c751e8b465ee728b)  -> (artifact id: 'a0a0220251258550a7e544f963326322') in 0.035329 seconds
  Import took 0.042565 seconds .

========================================================================
Received Import Request.
  Time since last request: 0.000165 seconds.
  path: Assets/Playing Cards/Resource/Model/RifleShuffle_First_00.fbx
  artifactKey: Guid(55e3efefcfb5825409800c38c8b0bb8d) Importer(815301076,1909f56bfc062723c751e8b465ee728b)
Start importing Assets/Playing Cards/Resource/Model/RifleShuffle_First_00.fbx using Guid(55e3efefcfb5825409800c38c8b0bb8d) Importer(815301076,1909f56bfc062723c751e8b465ee728b)  -> (artifact id: '5687d35c340d0b939096bece184cce89') in 0.030889 seconds
  Import took 0.033972 seconds .

========================================================================
Received Import Request.
  Time since last request: 0.000163 seconds.
  path: Assets/Playing Cards/Resource/Model/LittleDiscard_00.fbx
  artifactKey: Guid(61d9b64b6ccf52b468d3f51041d5fa53) Importer(815301076,1909f56bfc062723c751e8b465ee728b)
Start importing Assets/Playing Cards/Resource/Model/LittleDiscard_00.fbx using Guid(61d9b64b6ccf52b468d3f51041d5fa53) Importer(815301076,1909f56bfc062723c751e8b465ee728b)  -> (artifact id: 'de2ae45a4d3967fd51ce0594cff90963') in 0.051352 seconds
  Import took 0.070857 seconds .

========================================================================
Received Import Request.
  Time since last request: 0.000186 seconds.
  path: Assets/Playing Cards/Resource/Model/ManyDiscard_00.fbx
  artifactKey: Guid(2348c8a69a8b72d448a6a661a8f2cd19) Importer(815301076,1909f56bfc062723c751e8b465ee728b)
Start importing Assets/Playing Cards/Resource/Model/ManyDiscard_00.fbx using Guid(2348c8a69a8b72d448a6a661a8f2cd19) Importer(815301076,1909f56bfc062723c751e8b465ee728b)  -> (artifact id: '9fd0640ae97d0f321c0d8c0a2f68fa70') in 0.037381 seconds
  Import took 0.040118 seconds .

========================================================================
Received Import Request.
  Time since last request: 0.000162 seconds.
  path: Assets/Playing Cards/Resource/Model/CasinoChip_00.fbx
  artifactKey: Guid(4c3541a940384ed48a1d2c36a9fb6cea) Importer(815301076,1909f56bfc062723c751e8b465ee728b)
Start importing Assets/Playing Cards/Resource/Model/CasinoChip_00.fbx using Guid(4c3541a940384ed48a1d2c36a9fb6cea) Importer(815301076,1909f56bfc062723c751e8b465ee728b)  -> (artifact id: 'c82da01c6f13dfc49b20521676d99a8c') in 0.018650 seconds
  Import took 0.027356 seconds .

========================================================================
Received Import Request.
  Time since last request: 0.000185 seconds.
  path: Assets/Playing Cards/Resource/Model/RifleShuffle_Second_00.fbx
  artifactKey: Guid(4b85c9e3a82039e468ea6e92f1ec5b6c) Importer(815301076,1909f56bfc062723c751e8b465ee728b)
Start importing Assets/Playing Cards/Resource/Model/RifleShuffle_Second_00.fbx using Guid(4b85c9e3a82039e468ea6e92f1ec5b6c) Importer(815301076,1909f56bfc062723c751e8b465ee728b)  -> (artifact id: '1c1e2293e5f65b0674e622fd6427b559') in 0.026127 seconds
  Import took 0.038716 seconds .

========================================================================
Received Import Request.
  Time since last request: 0.000169 seconds.
  path: Assets/Playing Cards/Resource/Model/TowerUnfinished_00.fbx
  artifactKey: Guid(2cb248f6c0990434892ac3330940df8a) Importer(815301076,1909f56bfc062723c751e8b465ee728b)
Start importing Assets/Playing Cards/Resource/Model/TowerUnfinished_00.fbx using Guid(2cb248f6c0990434892ac3330940df8a) Importer(815301076,1909f56bfc062723c751e8b465ee728b)  -> (artifact id: '6ad2ee33806d62164ec3ba7077b94140') in 0.059688 seconds
  Import took 0.074223 seconds .

========================================================================
Received Import Request.
  Time since last request: 87.904894 seconds.
  path: Assets/Playing Cards/Resource/Prefab/CasinoItem/CasinoChip20_White_00.prefab
  artifactKey: Guid(e42242142db731b4895402b24258b777) Importer(815301076,1909f56bfc062723c751e8b465ee728b)
Start importing Assets/Playing Cards/Resource/Prefab/CasinoItem/CasinoChip20_White_00.prefab using Guid(e42242142db731b4895402b24258b777) Importer(815301076,1909f56bfc062723c751e8b465ee728b)  -> (artifact id: '6b04ea116142d043e010f609480842ab') in 0.075905 seconds
  Import took 0.078942 seconds .

========================================================================
Received Import Request.
  Time since last request: 2.735991 seconds.
  path: Assets/Playing Cards/Resource/Prefab/CasinoItem/CasinoChip20_Green_00.prefab
  artifactKey: Guid(2b06956c46b0c1d4b92286f470a38462) Importer(815301076,1909f56bfc062723c751e8b465ee728b)
Start importing Assets/Playing Cards/Resource/Prefab/CasinoItem/CasinoChip20_Green_00.prefab using Guid(2b06956c46b0c1d4b92286f470a38462) Importer(815301076,1909f56bfc062723c751e8b465ee728b)  -> (artifact id: '88636f25cf55d1aeaaf523aaad09ed1c') in 0.015436 seconds
  Import took 0.038555 seconds .

========================================================================
Received Import Request.
  Time since last request: 16.787014 seconds.
  path: Assets/Playing Cards/Resource/Prefab/BackColor_Red/Red_LittleDeck_00.prefab
  artifactKey: Guid(8761568886985d94eb91b90a8a831e38) Importer(815301076,1909f56bfc062723c751e8b465ee728b)
Start importing Assets/Playing Cards/Resource/Prefab/BackColor_Red/Red_LittleDeck_00.prefab using Guid(8761568886985d94eb91b90a8a831e38) Importer(815301076,1909f56bfc062723c751e8b465ee728b)  -> (artifact id: '9087b578776fe2f0fb6710f19d0a9b8f') in 0.358054 seconds
  Import took 0.376989 seconds .

========================================================================
Received Import Request.
  Time since last request: 150.017421 seconds.
  path: Assets/Playing Cards/Resource/Prefab/BackColor_Red/Red_PlayingCards_Club02_00.prefab
  artifactKey: Guid(aa3f536aaeb912142a229c72cbb7514f) Importer(815301076,1909f56bfc062723c751e8b465ee728b)
Start importing Assets/Playing Cards/Resource/Prefab/BackColor_Red/Red_PlayingCards_Club02_00.prefab using Guid(aa3f536aaeb912142a229c72cbb7514f) Importer(815301076,1909f56bfc062723c751e8b465ee728b)  -> (artifact id: 'd5addb6c5ec9209c0b1f84fdfa6df66a') in 0.012376 seconds
  Import took 0.026217 seconds .

========================================================================
Received Import Request.
  Time since last request: 0.955586 seconds.
  path: Assets/Playing Cards/Resource/Prefab/BackColor_Red/Red_PlayingCards_Club04_00.prefab
  artifactKey: Guid(021b1345f20da974a9aab5db9f4b330b) Importer(815301076,1909f56bfc062723c751e8b465ee728b)
Start importing Assets/Playing Cards/Resource/Prefab/BackColor_Red/Red_PlayingCards_Club04_00.prefab using Guid(021b1345f20da974a9aab5db9f4b330b) Importer(815301076,1909f56bfc062723c751e8b465ee728b)  -> (artifact id: 'fe697ff48a97ce6d44bd4553887529e4') in 0.013056 seconds
  Import took 0.016279 seconds .

========================================================================
Received Import Request.
  Time since last request: 0.002412 seconds.
  path: Assets/Playing Cards/Resource/Prefab/BackColor_Red/Red_PlayingCards_Club04_00.prefab
  artifactKey: Guid(021b1345f20da974a9aab5db9f4b330b) Importer(815301076,1909f56bfc062723c751e8b465ee728b)
Start importing Assets/Playing Cards/Resource/Prefab/BackColor_Red/Red_PlayingCards_Club04_00.prefab using Guid(021b1345f20da974a9aab5db9f4b330b) Importer(815301076,1909f56bfc062723c751e8b465ee728b)  -> (artifact id: 'fe697ff48a97ce6d44bd4553887529e4') in 0.007604 seconds
  Import took 0.010228 seconds .

========================================================================
Received Import Request.
  Time since last request: 3.065736 seconds.
  path: Assets/Playing Cards/Resource/Prefab/BackColor_Red/Red_PlayingCards_Club01_00.prefab
  artifactKey: Guid(b431e3858e2209247a90d54c1c539236) Importer(815301076,1909f56bfc062723c751e8b465ee728b)
Start importing Assets/Playing Cards/Resource/Prefab/BackColor_Red/Red_PlayingCards_Club01_00.prefab using Guid(b431e3858e2209247a90d54c1c539236) Importer(815301076,1909f56bfc062723c751e8b465ee728b)  -> (artifact id: '0cdafd3c1f772e8f0a63d48424b6a68e') in 0.013141 seconds
  Import took 0.021823 seconds .

========================================================================
Received Import Request.
  Time since last request: 11.924059 seconds.
  path: Assets/Playing Cards/Resource/Prefab/BackColor_Red/Red_LittleDiscard_00.prefab
  artifactKey: Guid(3ea75389a7a4274499cafdf5478692df) Importer(815301076,1909f56bfc062723c751e8b465ee728b)
Start importing Assets/Playing Cards/Resource/Prefab/BackColor_Red/Red_LittleDiscard_00.prefab using Guid(3ea75389a7a4274499cafdf5478692df) Importer(815301076,1909f56bfc062723c751e8b465ee728b)  -> (artifact id: '589042c6d0ba894c159a60be3abdd6cd') in 0.070571 seconds
  Import took 0.088936 seconds .

========================================================================
Received Import Request.
  Time since last request: 4.070820 seconds.
  path: Assets/Playing Cards/Resource/Prefab/BackColor_Red/Red_5cards_00.prefab
  artifactKey: Guid(67d3beb5d9aebe3449973246488fbfa3) Importer(815301076,1909f56bfc062723c751e8b465ee728b)
Start importing Assets/Playing Cards/Resource/Prefab/BackColor_Red/Red_5cards_00.prefab using Guid(67d3beb5d9aebe3449973246488fbfa3) Importer(815301076,1909f56bfc062723c751e8b465ee728b)  -> (artifact id: '73d334cefa07e497c1fdc9e96adf8562') in 0.016041 seconds
  Import took 0.063661 seconds .

========================================================================
Received Import Request.
  Time since last request: 5.781780 seconds.
  path: Assets/Playing Cards/Resource/Prefab/BackColor_Red/Red_AllCards_00.prefab
  artifactKey: Guid(66cb745a60dfb4f4081512392f0362a5) Importer(815301076,1909f56bfc062723c751e8b465ee728b)
Start importing Assets/Playing Cards/Resource/Prefab/BackColor_Red/Red_AllCards_00.prefab using Guid(66cb745a60dfb4f4081512392f0362a5) Importer(815301076,1909f56bfc062723c751e8b465ee728b)  -> (artifact id: 'a7780b35de7b9ab3be63330e1c7dcce1') in 0.046403 seconds
  Import took 0.068460 seconds .

========================================================================
Received Import Request.
  Time since last request: 4.322191 seconds.
  path: Assets/Playing Cards/Resource/Prefab/BackColor_Red/Red_ManyDeck_00.prefab
  artifactKey: Guid(1f129762ce955164ab9e33235ddf9236) Importer(815301076,1909f56bfc062723c751e8b465ee728b)
Start importing Assets/Playing Cards/Resource/Prefab/BackColor_Red/Red_ManyDeck_00.prefab using Guid(1f129762ce955164ab9e33235ddf9236) Importer(815301076,1909f56bfc062723c751e8b465ee728b)  -> (artifact id: '98baa7d15136aaf2b55df01d5f8bab43') in 0.013964 seconds
  Import took 0.017232 seconds .

========================================================================
Received Import Request.
  Time since last request: 0.002547 seconds.
  path: Assets/Playing Cards/Resource/Prefab/BackColor_Red/Red_ManyDeck_00.prefab
  artifactKey: Guid(1f129762ce955164ab9e33235ddf9236) Importer(815301076,1909f56bfc062723c751e8b465ee728b)
Start importing Assets/Playing Cards/Resource/Prefab/BackColor_Red/Red_ManyDeck_00.prefab using Guid(1f129762ce955164ab9e33235ddf9236) Importer(815301076,1909f56bfc062723c751e8b465ee728b)  -> (artifact id: '98baa7d15136aaf2b55df01d5f8bab43') in 0.010330 seconds
  Import took 0.013738 seconds .

========================================================================
Received Import Request.
  Time since last request: 0.501217 seconds.
  path: Assets/Playing Cards/Resource/Prefab/BackColor_Red/Red_ManyDiscard_00.prefab
  artifactKey: Guid(d83e3363e26d6234e96e46314369899c) Importer(815301076,1909f56bfc062723c751e8b465ee728b)
Start importing Assets/Playing Cards/Resource/Prefab/BackColor_Red/Red_ManyDiscard_00.prefab using Guid(d83e3363e26d6234e96e46314369899c) Importer(815301076,1909f56bfc062723c751e8b465ee728b)  -> (artifact id: '1c63ab81f818ec4b059e29f9bc8d2e0e') in 0.015477 seconds
  Import took 0.018414 seconds .

========================================================================
Received Import Request.
  Time since last request: 0.385890 seconds.
  path: Assets/Playing Cards/Resource/Prefab/BackColor_Red/Red_PlayingCards_Blank_00.prefab
  artifactKey: Guid(7e6059f77760a3345ad1c3d5981fae5f) Importer(815301076,1909f56bfc062723c751e8b465ee728b)
Start importing Assets/Playing Cards/Resource/Prefab/BackColor_Red/Red_PlayingCards_Blank_00.prefab using Guid(7e6059f77760a3345ad1c3d5981fae5f) Importer(815301076,1909f56bfc062723c751e8b465ee728b)  -> (artifact id: 'a1e712712e3ae08bb1d338fb299b0045') in 0.011826 seconds
  Import took 0.015365 seconds .

========================================================================
Received Import Request.
  Time since last request: 5.246379 seconds.
  path: Assets/Playing Cards/Resource/Prefab/BackColor_Red/Red_RifleShuffle_First_00.prefab
  artifactKey: Guid(c277218ac217929468a0e1b9d1955ca7) Importer(815301076,1909f56bfc062723c751e8b465ee728b)
Start importing Assets/Playing Cards/Resource/Prefab/BackColor_Red/Red_RifleShuffle_First_00.prefab using Guid(c277218ac217929468a0e1b9d1955ca7) Importer(815301076,1909f56bfc062723c751e8b465ee728b)  -> (artifact id: 'eb22d5e70a0e2a3163067e13e8260de3') in 0.365133 seconds
  Import took 0.368315 seconds .

========================================================================
Received Import Request.
  Time since last request: 3.766134 seconds.
  path: Assets/Playing Cards/Resource/Prefab/BackColor_Red/Red_RifleShuffle_Second_00.prefab
  artifactKey: Guid(0646ccea2ae29a0469df298cb3600667) Importer(815301076,1909f56bfc062723c751e8b465ee728b)
Start importing Assets/Playing Cards/Resource/Prefab/BackColor_Red/Red_RifleShuffle_Second_00.prefab using Guid(0646ccea2ae29a0469df298cb3600667) Importer(815301076,1909f56bfc062723c751e8b465ee728b)  -> (artifact id: 'd1335d756ef3d96d44175751d4b303db') in 0.101647 seconds
  Import took 0.113894 seconds .

========================================================================
Received Import Request.
  Time since last request: 0.480724 seconds.
  path: Assets/Playing Cards/Resource/Prefab/BackColor_Red/Red_Spread_00.prefab
  artifactKey: Guid(8db124da3786a7a439535fbd92b02895) Importer(815301076,1909f56bfc062723c751e8b465ee728b)
Start importing Assets/Playing Cards/Resource/Prefab/BackColor_Red/Red_Spread_00.prefab using Guid(8db124da3786a7a439535fbd92b02895) Importer(815301076,1909f56bfc062723c751e8b465ee728b)  -> (artifact id: '587ebff5f5495efeca93bcb0281a56f5') in 0.014593 seconds
  Import took 0.017576 seconds .

========================================================================
Received Import Request.
  Time since last request: 0.774473 seconds.
  path: Assets/Playing Cards/Resource/Prefab/BackColor_Red/Red_Tower_00.prefab
  artifactKey: Guid(091dddefd93ebb04bb4895030c30d4bb) Importer(815301076,1909f56bfc062723c751e8b465ee728b)
Start importing Assets/Playing Cards/Resource/Prefab/BackColor_Red/Red_Tower_00.prefab using Guid(091dddefd93ebb04bb4895030c30d4bb) Importer(815301076,1909f56bfc062723c751e8b465ee728b)  -> (artifact id: '5e661a293b642334bb5e3e7380c17e8e') in 0.014202 seconds
  Import took 0.051381 seconds .

========================================================================
Received Import Request.
  Time since last request: 288.570781 seconds.
  path: Assets/Scripts
  artifactKey: Guid(29cd1cd21cec4dc458ba9aaa2d2f0546) Importer(815301076,1909f56bfc062723c751e8b465ee728b)
Start importing Assets/Scripts using Guid(29cd1cd21cec4dc458ba9aaa2d2f0546) Importer(815301076,1909f56bfc062723c751e8b465ee728b)  -> (artifact id: '5b168bf202999b865b7a158a6a1d44e5') in 0.006243 seconds
  Import took 0.028343 seconds .

========================================================================
Received Import Request.
  Time since last request: 5.929366 seconds.
  path: Assets/Scripts/NewBehaviourScript.cs
  artifactKey: Guid(3a62bcc52d8e4a64aad81497a0f97b75) Importer(815301076,1909f56bfc062723c751e8b465ee728b)
Start importing Assets/Scripts/NewBehaviourScript.cs using Guid(3a62bcc52d8e4a64aad81497a0f97b75) Importer(815301076,1909f56bfc062723c751e8b465ee728b)  -> (artifact id: '7500f9936cbd8d31f82732953076de7f') in 0.018691 seconds
  Import took 0.021788 seconds .

========================================================================
Received Prepare
Registering precompiled user dll's ...
Registered in 0.000995 seconds.
Begin MonoManager ReloadAssembly
Native extension for WindowsStandalone target not found
Native extension for WebGL target not found
Refreshing native plugins compatible for Editor in 0.37 ms, found 1 plugins.
Preloading 0 native plugins for Editor in 0.00 ms.
Invoked RoslynAnalysisRunner static constructor.
RoslynAnalysisRunner will not be running.
RoslynAnalysisRunner has terminated.
Mono: successfully reloaded assembly
- Completed reload, in  0.911 seconds
Platform modules already initialized, skipping
Refreshing native plugins compatible for Editor in 0.37 ms, found 1 plugins.
Preloading 0 native plugins for Editor in 0.00 ms.
Unloading 1803 Unused Serialized files (Serialized files now loaded: 0)
System memory in use before: 102.2 MB.
System memory in use after: 102.2 MB.

Unloading 12 unused Assets to reduce memory usage. Loaded Objects now: 2319.
Total: 1.903300 ms (FindLiveObjects: 0.173900 ms CreateObjectMapping: 0.042100 ms MarkObjects: 1.583900 ms  DeleteObjects: 0.102500 ms)

========================================================================
Received Import Request.
  Time since last request: 24.930201 seconds.
  path: Assets/Scripts/CardDealer.cs
  artifactKey: Guid(c12b8c086e66acc45a2506cd109ca4b4) Importer(815301076,1909f56bfc062723c751e8b465ee728b)
Start importing Assets/Scripts/CardDealer.cs using Guid(c12b8c086e66acc45a2506cd109ca4b4) Importer(815301076,1909f56bfc062723c751e8b465ee728b)  -> (artifact id: '9d84204891ebe12a6944b068f383df26') in 0.009290 seconds
  Import took 0.012283 seconds .

========================================================================
Received Prepare
Registering precompiled user dll's ...
Registered in 0.001016 seconds.
Begin MonoManager ReloadAssembly
Native extension for WindowsStandalone target not found
Native extension for WebGL target not found
Refreshing native plugins compatible for Editor in 0.37 ms, found 1 plugins.
Preloading 0 native plugins for Editor in 0.00 ms.
Invoked RoslynAnalysisRunner static constructor.
RoslynAnalysisRunner will not be running.
RoslynAnalysisRunner has terminated.
Mono: successfully reloaded assembly
- Completed reload, in  0.877 seconds
Platform modules already initialized, skipping
Refreshing native plugins compatible for Editor in 0.38 ms, found 1 plugins.
Preloading 0 native plugins for Editor in 0.00 ms.
Unloading 1804 Unused Serialized files (Serialized files now loaded: 0)
System memory in use before: 102.3 MB.
System memory in use after: 102.2 MB.

Unloading 12 unused Assets to reduce memory usage. Loaded Objects now: 2324.
Total: 2.015900 ms (FindLiveObjects: 0.236400 ms CreateObjectMapping: 0.057100 ms MarkObjects: 1.614800 ms  DeleteObjects: 0.106700 ms)

========================================================================
Received Prepare
Registering precompiled user dll's ...
Registered in 0.001361 seconds.
Begin MonoManager ReloadAssembly
Native extension for WindowsStandalone target not found
Native extension for WebGL target not found
Refreshing native plugins compatible for Editor in 0.37 ms, found 1 plugins.
Preloading 0 native plugins for Editor in 0.00 ms.
Invoked RoslynAnalysisRunner static constructor.
RoslynAnalysisRunner will not be running.
RoslynAnalysisRunner has terminated.
Mono: successfully reloaded assembly
- Completed reload, in  0.891 seconds
Platform modules already initialized, skipping
Refreshing native plugins compatible for Editor in 0.37 ms, found 1 plugins.
Preloading 0 native plugins for Editor in 0.00 ms.
Unloading 1804 Unused Serialized files (Serialized files now loaded: 0)
System memory in use before: 102.3 MB.
System memory in use after: 102.3 MB.

Unloading 12 unused Assets to reduce memory usage. Loaded Objects now: 2328.
Total: 1.978100 ms (FindLiveObjects: 0.187900 ms CreateObjectMapping: 0.046500 ms MarkObjects: 1.636000 ms  DeleteObjects: 0.107100 ms)

========================================================================
Received Prepare
Registering precompiled user dll's ...
Registered in 0.001016 seconds.
Begin MonoManager ReloadAssembly
Native extension for WindowsStandalone target not found
Native extension for WebGL target not found
Refreshing native plugins compatible for Editor in 0.37 ms, found 1 plugins.
Preloading 0 native plugins for Editor in 0.00 ms.
Invoked RoslynAnalysisRunner static constructor.
RoslynAnalysisRunner will not be running.
RoslynAnalysisRunner has terminated.
Mono: successfully reloaded assembly
- Completed reload, in  0.894 seconds
Platform modules already initialized, skipping
Refreshing native plugins compatible for Editor in 0.41 ms, found 1 plugins.
Preloading 0 native plugins for Editor in 0.00 ms.
Unloading 1804 Unused Serialized files (Serialized files now loaded: 0)
System memory in use before: 102.3 MB.
System memory in use after: 102.3 MB.

Unloading 12 unused Assets to reduce memory usage. Loaded Objects now: 2332.
Total: 2.491800 ms (FindLiveObjects: 0.235600 ms CreateObjectMapping: 0.049400 ms MarkObjects: 2.075800 ms  DeleteObjects: 0.128700 ms)

========================================================================
Received Import Request.
  Time since last request: 275.772012 seconds.
  path: Assets/Scripts/CardDealer.cs
  artifactKey: Guid(c12b8c086e66acc45a2506cd109ca4b4) Importer(815301076,1909f56bfc062723c751e8b465ee728b)
Start importing Assets/Scripts/CardDealer.cs using Guid(c12b8c086e66acc45a2506cd109ca4b4) Importer(815301076,1909f56bfc062723c751e8b465ee728b)  -> (artifact id: '131c942dd0c18749868b8f1d401a14aa') in 0.005123 seconds
  Import took 0.055234 seconds .

========================================================================
Received Prepare
Registering precompiled user dll's ...
Registered in 0.001024 seconds.
Begin MonoManager ReloadAssembly
Native extension for WindowsStandalone target not found
Native extension for WebGL target not found
Refreshing native plugins compatible for Editor in 0.38 ms, found 1 plugins.
Preloading 0 native plugins for Editor in 0.00 ms.
Invoked RoslynAnalysisRunner static constructor.
RoslynAnalysisRunner will not be running.
RoslynAnalysisRunner has terminated.
Mono: successfully reloaded assembly
- Completed reload, in  0.904 seconds
Platform modules already initialized, skipping
Refreshing native plugins compatible for Editor in 0.40 ms, found 1 plugins.
Preloading 0 native plugins for Editor in 0.00 ms.
Unloading 1804 Unused Serialized files (Serialized files now loaded: 0)
System memory in use before: 102.3 MB.
System memory in use after: 102.3 MB.

Unloading 12 unused Assets to reduce memory usage. Loaded Objects now: 2336.
Total: 2.161800 ms (FindLiveObjects: 0.204500 ms CreateObjectMapping: 0.045200 ms MarkObjects: 1.795100 ms  DeleteObjects: 0.116100 ms)

========================================================================
Received Import Request.
  Time since last request: 76.487689 seconds.
  path: Assets/Playing Cards/Resource/Prefab/BackColor_Black/Black_PlayingCards_Blank_00.prefab
  artifactKey: Guid(2f21bec7f30c7d744a280a41c7e1980a) Importer(815301076,1909f56bfc062723c751e8b465ee728b)
Start importing Assets/Playing Cards/Resource/Prefab/BackColor_Black/Black_PlayingCards_Blank_00.prefab using Guid(2f21bec7f30c7d744a280a41c7e1980a) Importer(815301076,1909f56bfc062723c751e8b465ee728b)  -> (artifact id: 'da40a3d8a611c55b55ee2556841fb5cd') in 0.057429 seconds
  Import took 0.083906 seconds .

========================================================================
Received Import Request.
  Time since last request: 0.331018 seconds.
  path: Assets/Playing Cards/Resource/Prefab/BackColor_Black/Black_PlayingCards_Club01_00.prefab
  artifactKey: Guid(caab6bb7ecb7ed741b612973ab7b297b) Importer(815301076,1909f56bfc062723c751e8b465ee728b)
Start importing Assets/Playing Cards/Resource/Prefab/BackColor_Black/Black_PlayingCards_Club01_00.prefab using Guid(caab6bb7ecb7ed741b612973ab7b297b) Importer(815301076,1909f56bfc062723c751e8b465ee728b)  -> (artifact id: '88259182494de525825bb329237ca1ab') in 0.012596 seconds
  Import took 0.020915 seconds .

========================================================================
Received Prepare
Registering precompiled user dll's ...
Registered in 0.001008 seconds.
Begin MonoManager ReloadAssembly
Native extension for WindowsStandalone target not found
Native extension for WebGL target not found
Refreshing native plugins compatible for Editor in 0.37 ms, found 1 plugins.
Preloading 0 native plugins for Editor in 0.00 ms.
Invoked RoslynAnalysisRunner static constructor.
RoslynAnalysisRunner will not be running.
RoslynAnalysisRunner has terminated.
Mono: successfully reloaded assembly
- Completed reload, in  0.891 seconds
Platform modules already initialized, skipping
Refreshing native plugins compatible for Editor in 0.37 ms, found 1 plugins.
Preloading 0 native plugins for Editor in 0.00 ms.
Unloading 1804 Unused Serialized files (Serialized files now loaded: 0)
System memory in use before: 102.3 MB.
System memory in use after: 102.3 MB.

Unloading 12 unused Assets to reduce memory usage. Loaded Objects now: 2341.
Total: 2.299100 ms (FindLiveObjects: 0.207300 ms CreateObjectMapping: 0.053200 ms MarkObjects: 1.920700 ms  DeleteObjects: 0.116700 ms)

========================================================================
Received Prepare
Registering precompiled user dll's ...
Registered in 0.001036 seconds.
Begin MonoManager ReloadAssembly
Native extension for WindowsStandalone target not found
Native extension for WebGL target not found
Refreshing native plugins compatible for Editor in 0.53 ms, found 1 plugins.
Preloading 0 native plugins for Editor in 0.00 ms.
Invoked RoslynAnalysisRunner static constructor.
RoslynAnalysisRunner will not be running.
RoslynAnalysisRunner has terminated.
Mono: successfully reloaded assembly
- Completed reload, in  0.880 seconds
Platform modules already initialized, skipping
Refreshing native plugins compatible for Editor in 0.38 ms, found 1 plugins.
Preloading 0 native plugins for Editor in 0.00 ms.
Unloading 1804 Unused Serialized files (Serialized files now loaded: 0)
System memory in use before: 102.3 MB.
System memory in use after: 102.3 MB.

Unloading 12 unused Assets to reduce memory usage. Loaded Objects now: 2345.
Total: 2.110300 ms (FindLiveObjects: 0.203000 ms CreateObjectMapping: 0.044500 ms MarkObjects: 1.740800 ms  DeleteObjects: 0.120300 ms)

========================================================================
Received Prepare
Registering precompiled user dll's ...
Registered in 0.001024 seconds.
Begin MonoManager ReloadAssembly
Native extension for WindowsStandalone target not found
Native extension for WebGL target not found
Refreshing native plugins compatible for Editor in 0.38 ms, found 1 plugins.
Preloading 0 native plugins for Editor in 0.00 ms.
Invoked RoslynAnalysisRunner static constructor.
RoslynAnalysisRunner will not be running.
RoslynAnalysisRunner has terminated.
Mono: successfully reloaded assembly
- Completed reload, in  0.876 seconds
Platform modules already initialized, skipping
Refreshing native plugins compatible for Editor in 0.36 ms, found 1 plugins.
Preloading 0 native plugins for Editor in 0.00 ms.
Unloading 1804 Unused Serialized files (Serialized files now loaded: 0)
System memory in use before: 102.4 MB.
System memory in use after: 102.3 MB.

Unloading 12 unused Assets to reduce memory usage. Loaded Objects now: 2349.
Total: 2.126000 ms (FindLiveObjects: 0.208900 ms CreateObjectMapping: 0.051700 ms MarkObjects: 1.747900 ms  DeleteObjects: 0.116500 ms)

========================================================================
Received Prepare
Registering precompiled user dll's ...
Registered in 0.001040 seconds.
Begin MonoManager ReloadAssembly
Native extension for WindowsStandalone target not found
Native extension for WebGL target not found
Refreshing native plugins compatible for Editor in 0.38 ms, found 1 plugins.
Preloading 0 native plugins for Editor in 0.00 ms.
Invoked RoslynAnalysisRunner static constructor.
RoslynAnalysisRunner will not be running.
RoslynAnalysisRunner has terminated.
Mono: successfully reloaded assembly
- Completed reload, in  0.887 seconds
Platform modules already initialized, skipping
Refreshing native plugins compatible for Editor in 0.37 ms, found 1 plugins.
Preloading 0 native plugins for Editor in 0.00 ms.
Unloading 1804 Unused Serialized files (Serialized files now loaded: 0)
System memory in use before: 102.4 MB.
System memory in use after: 102.3 MB.

Unloading 12 unused Assets to reduce memory usage. Loaded Objects now: 2353.
Total: 2.046400 ms (FindLiveObjects: 0.204000 ms CreateObjectMapping: 0.044000 ms MarkObjects: 1.684600 ms  DeleteObjects: 0.112900 ms)

========================================================================
Received Prepare
Registering precompiled user dll's ...
Registered in 0.001072 seconds.
Begin MonoManager ReloadAssembly
Native extension for WindowsStandalone target not found
Native extension for WebGL target not found
Refreshing native plugins compatible for Editor in 0.39 ms, found 1 plugins.
Preloading 0 native plugins for Editor in 0.00 ms.
Invoked RoslynAnalysisRunner static constructor.
RoslynAnalysisRunner will not be running.
RoslynAnalysisRunner has terminated.
Mono: successfully reloaded assembly
- Completed reload, in  0.879 seconds
Platform modules already initialized, skipping
Refreshing native plugins compatible for Editor in 0.36 ms, found 1 plugins.
Preloading 0 native plugins for Editor in 0.00 ms.
Unloading 1804 Unused Serialized files (Serialized files now loaded: 0)
System memory in use before: 102.3 MB.
System memory in use after: 102.3 MB.

Unloading 12 unused Assets to reduce memory usage. Loaded Objects now: 2357.
Total: 2.055100 ms (FindLiveObjects: 0.212400 ms CreateObjectMapping: 0.044200 ms MarkObjects: 1.678500 ms  DeleteObjects: 0.119100 ms)

========================================================================
Received Prepare
Registering precompiled user dll's ...
Registered in 0.001015 seconds.
Begin MonoManager ReloadAssembly
Native extension for WindowsStandalone target not found
Native extension for WebGL target not found
Refreshing native plugins compatible for Editor in 0.38 ms, found 1 plugins.
Preloading 0 native plugins for Editor in 0.00 ms.
Invoked RoslynAnalysisRunner static constructor.
RoslynAnalysisRunner will not be running.
RoslynAnalysisRunner has terminated.
Mono: successfully reloaded assembly
- Completed reload, in  0.931 seconds
Platform modules already initialized, skipping
Refreshing native plugins compatible for Editor in 0.37 ms, found 1 plugins.
Preloading 0 native plugins for Editor in 0.00 ms.
Unloading 1804 Unused Serialized files (Serialized files now loaded: 0)
System memory in use before: 102.3 MB.
System memory in use after: 102.3 MB.

Unloading 12 unused Assets to reduce memory usage. Loaded Objects now: 2361.
Total: 2.169700 ms (FindLiveObjects: 0.322500 ms CreateObjectMapping: 0.055300 ms MarkObjects: 1.670300 ms  DeleteObjects: 0.120400 ms)

========================================================================
Received Prepare
Registering precompiled user dll's ...
Registered in 0.001009 seconds.
Begin MonoManager ReloadAssembly
Native extension for WindowsStandalone target not found
Native extension for WebGL target not found
Refreshing native plugins compatible for Editor in 0.37 ms, found 1 plugins.
Preloading 0 native plugins for Editor in 0.00 ms.
Invoked RoslynAnalysisRunner static constructor.
RoslynAnalysisRunner will not be running.
RoslynAnalysisRunner has terminated.
Mono: successfully reloaded assembly
- Completed reload, in  0.863 seconds
Platform modules already initialized, skipping
Refreshing native plugins compatible for Editor in 0.37 ms, found 1 plugins.
Preloading 0 native plugins for Editor in 0.00 ms.
Unloading 1804 Unused Serialized files (Serialized files now loaded: 0)
System memory in use before: 102.3 MB.
System memory in use after: 102.3 MB.

Unloading 12 unused Assets to reduce memory usage. Loaded Objects now: 2365.
Total: 2.028500 ms (FindLiveObjects: 0.199300 ms CreateObjectMapping: 0.043700 ms MarkObjects: 1.668500 ms  DeleteObjects: 0.116100 ms)

========================================================================
Received Prepare
Registering precompiled user dll's ...
Registered in 0.001086 seconds.
Begin MonoManager ReloadAssembly
Native extension for WindowsStandalone target not found
Native extension for WebGL target not found
Refreshing native plugins compatible for Editor in 0.37 ms, found 1 plugins.
Preloading 0 native plugins for Editor in 0.00 ms.
Invoked RoslynAnalysisRunner static constructor.
RoslynAnalysisRunner will not be running.
RoslynAnalysisRunner has terminated.
Mono: successfully reloaded assembly
- Completed reload, in  0.881 seconds
Platform modules already initialized, skipping
Refreshing native plugins compatible for Editor in 0.37 ms, found 1 plugins.
Preloading 0 native plugins for Editor in 0.00 ms.
Unloading 1804 Unused Serialized files (Serialized files now loaded: 0)
System memory in use before: 102.3 MB.
System memory in use after: 102.3 MB.

Unloading 12 unused Assets to reduce memory usage. Loaded Objects now: 2369.
Total: 2.199700 ms (FindLiveObjects: 0.255900 ms CreateObjectMapping: 0.061500 ms MarkObjects: 1.755800 ms  DeleteObjects: 0.125600 ms)

========================================================================
Received Prepare
Registering precompiled user dll's ...
Registered in 0.001042 seconds.
Begin MonoManager ReloadAssembly
Native extension for WindowsStandalone target not found
Native extension for WebGL target not found
Refreshing native plugins compatible for Editor in 0.38 ms, found 1 plugins.
Preloading 0 native plugins for Editor in 0.00 ms.
Invoked RoslynAnalysisRunner static constructor.
RoslynAnalysisRunner will not be running.
RoslynAnalysisRunner has terminated.
Mono: successfully reloaded assembly
- Completed reload, in  0.870 seconds
Platform modules already initialized, skipping
Refreshing native plugins compatible for Editor in 0.37 ms, found 1 plugins.
Preloading 0 native plugins for Editor in 0.00 ms.
Unloading 1804 Unused Serialized files (Serialized files now loaded: 0)
System memory in use before: 102.3 MB.
System memory in use after: 102.3 MB.

Unloading 12 unused Assets to reduce memory usage. Loaded Objects now: 2373.
Total: 2.190700 ms (FindLiveObjects: 0.195900 ms CreateObjectMapping: 0.044600 ms MarkObjects: 1.811500 ms  DeleteObjects: 0.137600 ms)

========================================================================
Received Prepare
Registering precompiled user dll's ...
Registered in 0.001002 seconds.
Begin MonoManager ReloadAssembly
Native extension for WindowsStandalone target not found
Native extension for WebGL target not found
Refreshing native plugins compatible for Editor in 0.50 ms, found 1 plugins.
Preloading 0 native plugins for Editor in 0.00 ms.
Invoked RoslynAnalysisRunner static constructor.
RoslynAnalysisRunner will not be running.
RoslynAnalysisRunner has terminated.
Mono: successfully reloaded assembly
- Completed reload, in  0.900 seconds
Platform modules already initialized, skipping
Refreshing native plugins compatible for Editor in 0.37 ms, found 1 plugins.
Preloading 0 native plugins for Editor in 0.00 ms.
Unloading 1804 Unused Serialized files (Serialized files now loaded: 0)
System memory in use before: 102.3 MB.
System memory in use after: 102.3 MB.

Unloading 12 unused Assets to reduce memory usage. Loaded Objects now: 2377.
Total: 1.981800 ms (FindLiveObjects: 0.243000 ms CreateObjectMapping: 0.043000 ms MarkObjects: 1.574300 ms  DeleteObjects: 0.120600 ms)

========================================================================
Received Prepare
Registering precompiled user dll's ...
Registered in 0.001017 seconds.
Begin MonoManager ReloadAssembly
Native extension for WindowsStandalone target not found
Native extension for WebGL target not found
Refreshing native plugins compatible for Editor in 0.37 ms, found 1 plugins.
Preloading 0 native plugins for Editor in 0.00 ms.
Invoked RoslynAnalysisRunner static constructor.
RoslynAnalysisRunner will not be running.
RoslynAnalysisRunner has terminated.
Mono: successfully reloaded assembly
- Completed reload, in  0.875 seconds
Platform modules already initialized, skipping
Refreshing native plugins compatible for Editor in 0.37 ms, found 1 plugins.
Preloading 0 native plugins for Editor in 0.00 ms.
Unloading 1804 Unused Serialized files (Serialized files now loaded: 0)
System memory in use before: 102.3 MB.
System memory in use after: 102.3 MB.

Unloading 12 unused Assets to reduce memory usage. Loaded Objects now: 2381.
Total: 1.979400 ms (FindLiveObjects: 0.201000 ms CreateObjectMapping: 0.042800 ms MarkObjects: 1.618500 ms  DeleteObjects: 0.116300 ms)

========================================================================
Received Prepare
Registering precompiled user dll's ...
Registered in 0.001005 seconds.
Begin MonoManager ReloadAssembly
Native extension for WindowsStandalone target not found
Native extension for WebGL target not found
Refreshing native plugins compatible for Editor in 0.38 ms, found 1 plugins.
Preloading 0 native plugins for Editor in 0.00 ms.
Invoked RoslynAnalysisRunner static constructor.
RoslynAnalysisRunner will not be running.
RoslynAnalysisRunner has terminated.
Mono: successfully reloaded assembly
- Completed reload, in  0.872 seconds
Platform modules already initialized, skipping
Refreshing native plugins compatible for Editor in 0.36 ms, found 1 plugins.
Preloading 0 native plugins for Editor in 0.00 ms.
Unloading 1804 Unused Serialized files (Serialized files now loaded: 0)
System memory in use before: 102.4 MB.
System memory in use after: 102.3 MB.

Unloading 12 unused Assets to reduce memory usage. Loaded Objects now: 2385.
Total: 1.956900 ms (FindLiveObjects: 0.194800 ms CreateObjectMapping: 0.043700 ms MarkObjects: 1.593600 ms  DeleteObjects: 0.123800 ms)

========================================================================
Received Prepare
Registering precompiled user dll's ...
Registered in 0.001070 seconds.
Begin MonoManager ReloadAssembly
Native extension for WindowsStandalone target not found
Native extension for WebGL target not found
Refreshing native plugins compatible for Editor in 0.37 ms, found 1 plugins.
Preloading 0 native plugins for Editor in 0.00 ms.
Invoked RoslynAnalysisRunner static constructor.
RoslynAnalysisRunner will not be running.
RoslynAnalysisRunner has terminated.
Mono: successfully reloaded assembly
- Completed reload, in  0.898 seconds
Platform modules already initialized, skipping
Refreshing native plugins compatible for Editor in 0.40 ms, found 1 plugins.
Preloading 0 native plugins for Editor in 0.00 ms.
Unloading 1804 Unused Serialized files (Serialized files now loaded: 0)
System memory in use before: 102.4 MB.
System memory in use after: 102.3 MB.

Unloading 12 unused Assets to reduce memory usage. Loaded Objects now: 2389.
Total: 1.969200 ms (FindLiveObjects: 0.195800 ms CreateObjectMapping: 0.042300 ms MarkObjects: 1.603000 ms  DeleteObjects: 0.127100 ms)

========================================================================
Received Prepare
Registering precompiled user dll's ...
Registered in 0.001045 seconds.
Begin MonoManager ReloadAssembly
Native extension for WindowsStandalone target not found
Native extension for WebGL target not found
Refreshing native plugins compatible for Editor in 0.50 ms, found 1 plugins.
Preloading 0 native plugins for Editor in 0.00 ms.
Invoked RoslynAnalysisRunner static constructor.
RoslynAnalysisRunner will not be running.
RoslynAnalysisRunner has terminated.
Mono: successfully reloaded assembly
- Completed reload, in  0.945 seconds
Platform modules already initialized, skipping
Refreshing native plugins compatible for Editor in 0.38 ms, found 1 plugins.
Preloading 0 native plugins for Editor in 0.00 ms.
Unloading 1804 Unused Serialized files (Serialized files now loaded: 0)
System memory in use before: 102.4 MB.
System memory in use after: 102.4 MB.

Unloading 12 unused Assets to reduce memory usage. Loaded Objects now: 2393.
Total: 2.561900 ms (FindLiveObjects: 0.236900 ms CreateObjectMapping: 0.048700 ms MarkObjects: 2.149100 ms  DeleteObjects: 0.125500 ms)

========================================================================
Received Prepare
Registering precompiled user dll's ...
Registered in 0.001035 seconds.
Begin MonoManager ReloadAssembly
Native extension for WindowsStandalone target not found
Native extension for WebGL target not found
Refreshing native plugins compatible for Editor in 0.39 ms, found 1 plugins.
Preloading 0 native plugins for Editor in 0.00 ms.
Invoked RoslynAnalysisRunner static constructor.
RoslynAnalysisRunner will not be running.
RoslynAnalysisRunner has terminated.
Mono: successfully reloaded assembly
- Completed reload, in  0.892 seconds
Platform modules already initialized, skipping
Refreshing native plugins compatible for Editor in 0.37 ms, found 1 plugins.
Preloading 0 native plugins for Editor in 0.00 ms.
Unloading 1804 Unused Serialized files (Serialized files now loaded: 0)
System memory in use before: 102.4 MB.
System memory in use after: 102.4 MB.

Unloading 12 unused Assets to reduce memory usage. Loaded Objects now: 2397.
Total: 2.123000 ms (FindLiveObjects: 0.236100 ms CreateObjectMapping: 0.044500 ms MarkObjects: 1.713000 ms  DeleteObjects: 0.128600 ms)

========================================================================
Received Prepare
Registering precompiled user dll's ...
Registered in 0.001027 seconds.
Begin MonoManager ReloadAssembly
Native extension for WindowsStandalone target not found
Native extension for WebGL target not found
Refreshing native plugins compatible for Editor in 0.39 ms, found 1 plugins.
Preloading 0 native plugins for Editor in 0.00 ms.
Invoked RoslynAnalysisRunner static constructor.
RoslynAnalysisRunner will not be running.
RoslynAnalysisRunner has terminated.
Mono: successfully reloaded assembly
- Completed reload, in  0.890 seconds
Platform modules already initialized, skipping
Refreshing native plugins compatible for Editor in 0.39 ms, found 1 plugins.
Preloading 0 native plugins for Editor in 0.00 ms.
Unloading 1804 Unused Serialized files (Serialized files now loaded: 0)
System memory in use before: 102.4 MB.
System memory in use after: 102.4 MB.

Unloading 12 unused Assets to reduce memory usage. Loaded Objects now: 2401.
Total: 2.045800 ms (FindLiveObjects: 0.218200 ms CreateObjectMapping: 0.046300 ms MarkObjects: 1.658500 ms  DeleteObjects: 0.122000 ms)

========================================================================
Received Import Request.
  Time since last request: 1935.286473 seconds.
  path: Assets/Scripts/GameManager.cs
  artifactKey: Guid(12e89fdfaf347f241804f4eed82f00ae) Importer(815301076,1909f56bfc062723c751e8b465ee728b)
Start importing Assets/Scripts/GameManager.cs using Guid(12e89fdfaf347f241804f4eed82f00ae) Importer(815301076,1909f56bfc062723c751e8b465ee728b)  -> (artifact id: 'b7f02130e24bf00f82a29752db307f93') in 0.009836 seconds
  Import took 0.033022 seconds .

========================================================================
Received Prepare
Registering precompiled user dll's ...
Registered in 0.000997 seconds.
Begin MonoManager ReloadAssembly
Native extension for WindowsStandalone target not found
Native extension for WebGL target not found
Refreshing native plugins compatible for Editor in 0.59 ms, found 1 plugins.
Preloading 0 native plugins for Editor in 0.00 ms.
Invoked RoslynAnalysisRunner static constructor.
RoslynAnalysisRunner will not be running.
RoslynAnalysisRunner has terminated.
Mono: successfully reloaded assembly
- Completed reload, in  0.934 seconds
Platform modules already initialized, skipping
Refreshing native plugins compatible for Editor in 0.49 ms, found 1 plugins.
Preloading 0 native plugins for Editor in 0.00 ms.
Unloading 1805 Unused Serialized files (Serialized files now loaded: 0)
System memory in use before: 102.4 MB.
System memory in use after: 102.4 MB.

Unloading 12 unused Assets to reduce memory usage. Loaded Objects now: 2406.
Total: 2.218700 ms (FindLiveObjects: 0.217700 ms CreateObjectMapping: 0.044900 ms MarkObjects: 1.823200 ms  DeleteObjects: 0.131900 ms)

========================================================================
Received Import Request.
  Time since last request: 20.328318 seconds.
  path: Assets/Scripts/Constants.cs
  artifactKey: Guid(20e36d05c21d5424a8470d3d6f4ba8c1) Importer(815301076,1909f56bfc062723c751e8b465ee728b)
Start importing Assets/Scripts/Constants.cs using Guid(20e36d05c21d5424a8470d3d6f4ba8c1) Importer(815301076,1909f56bfc062723c751e8b465ee728b)  -> (artifact id: '1fbc53f40e7717e0c21fc0ec520de934') in 0.009518 seconds
  Import took 0.016818 seconds .

========================================================================
Received Import Request.
  Time since last request: 0.000352 seconds.
  path: Assets/Scripts/Constants.cs
  artifactKey: Guid(20e36d05c21d5424a8470d3d6f4ba8c1) Importer(815301076,1909f56bfc062723c751e8b465ee728b)
Start importing Assets/Scripts/Constants.cs using Guid(20e36d05c21d5424a8470d3d6f4ba8c1) Importer(815301076,1909f56bfc062723c751e8b465ee728b)  -> (artifact id: '1fbc53f40e7717e0c21fc0ec520de934') in 0.002572 seconds
  Import took 0.005566 seconds .

========================================================================
Received Prepare
Registering precompiled user dll's ...
Registered in 0.001050 seconds.
Begin MonoManager ReloadAssembly
Native extension for WindowsStandalone target not found
Native extension for WebGL target not found
Refreshing native plugins compatible for Editor in 0.37 ms, found 1 plugins.
Preloading 0 native plugins for Editor in 0.00 ms.
Invoked RoslynAnalysisRunner static constructor.
RoslynAnalysisRunner will not be running.
RoslynAnalysisRunner has terminated.
Mono: successfully reloaded assembly
- Completed reload, in  0.911 seconds
Platform modules already initialized, skipping
Refreshing native plugins compatible for Editor in 0.37 ms, found 1 plugins.
Preloading 0 native plugins for Editor in 0.00 ms.
Unloading 1806 Unused Serialized files (Serialized files now loaded: 0)
System memory in use before: 102.5 MB.
System memory in use after: 102.4 MB.

Unloading 12 unused Assets to reduce memory usage. Loaded Objects now: 2411.
Total: 2.019400 ms (FindLiveObjects: 0.199300 ms CreateObjectMapping: 0.043100 ms MarkObjects: 1.652300 ms  DeleteObjects: 0.124000 ms)

========================================================================
Received Prepare
Registering precompiled user dll's ...
Registered in 0.001119 seconds.
Begin MonoManager ReloadAssembly
Native extension for WindowsStandalone target not found
Native extension for WebGL target not found
Refreshing native plugins compatible for Editor in 0.38 ms, found 1 plugins.
Preloading 0 native plugins for Editor in 0.00 ms.
Invoked RoslynAnalysisRunner static constructor.
RoslynAnalysisRunner will not be running.
RoslynAnalysisRunner has terminated.
Mono: successfully reloaded assembly
- Completed reload, in  0.899 seconds
Platform modules already initialized, skipping
Refreshing native plugins compatible for Editor in 0.37 ms, found 1 plugins.
Preloading 0 native plugins for Editor in 0.00 ms.
Unloading 1806 Unused Serialized files (Serialized files now loaded: 0)
System memory in use before: 102.5 MB.
System memory in use after: 102.4 MB.

Unloading 12 unused Assets to reduce memory usage. Loaded Objects now: 2415.
Total: 2.074100 ms (FindLiveObjects: 0.214900 ms CreateObjectMapping: 0.047600 ms MarkObjects: 1.685500 ms  DeleteObjects: 0.125200 ms)

========================================================================
Received Import Request.
  Time since last request: 1133.254738 seconds.
  path: Assets/Scripts/Constants.cs
  artifactKey: Guid(20e36d05c21d5424a8470d3d6f4ba8c1) Importer(815301076,1909f56bfc062723c751e8b465ee728b)
Start importing Assets/Scripts/Constants.cs using Guid(20e36d05c21d5424a8470d3d6f4ba8c1) Importer(815301076,1909f56bfc062723c751e8b465ee728b)  -> (artifact id: '05ce75ee574e010e8475ba168a3e9bd3') in 0.009292 seconds
  Import took 0.031846 seconds .

========================================================================
Received Import Request.
  Time since last request: 343.470102 seconds.
  path: Assets/Scripts/Constants.cs
  artifactKey: Guid(20e36d05c21d5424a8470d3d6f4ba8c1) Importer(815301076,1909f56bfc062723c751e8b465ee728b)
Start importing Assets/Scripts/Constants.cs using Guid(20e36d05c21d5424a8470d3d6f4ba8c1) Importer(815301076,1909f56bfc062723c751e8b465ee728b)  -> (artifact id: '8488692505adeb7b704360e0d4a4876d') in 0.002720 seconds
  Import took 0.015840 seconds .

========================================================================
Received Prepare
Registering precompiled user dll's ...
Registered in 0.001024 seconds.
Begin MonoManager ReloadAssembly
Native extension for WindowsStandalone target not found
Native extension for WebGL target not found
Refreshing native plugins compatible for Editor in 0.39 ms, found 1 plugins.
Preloading 0 native plugins for Editor in 0.00 ms.
Invoked RoslynAnalysisRunner static constructor.
RoslynAnalysisRunner will not be running.
RoslynAnalysisRunner has terminated.
Mono: successfully reloaded assembly
- Completed reload, in  0.896 seconds
Platform modules already initialized, skipping
Refreshing native plugins compatible for Editor in 0.37 ms, found 1 plugins.
Preloading 0 native plugins for Editor in 0.00 ms.
Unloading 1806 Unused Serialized files (Serialized files now loaded: 0)
System memory in use before: 102.5 MB.
System memory in use after: 102.4 MB.

Unloading 12 unused Assets to reduce memory usage. Loaded Objects now: 2419.
Total: 2.225700 ms (FindLiveObjects: 0.272600 ms CreateObjectMapping: 0.046600 ms MarkObjects: 1.784300 ms  DeleteObjects: 0.121100 ms)

========================================================================
Received Prepare
Registering precompiled user dll's ...
Registered in 0.001142 seconds.
Begin MonoManager ReloadAssembly
Native extension for WindowsStandalone target not found
Native extension for WebGL target not found
Refreshing native plugins compatible for Editor in 0.38 ms, found 1 plugins.
Preloading 0 native plugins for Editor in 0.00 ms.
Invoked RoslynAnalysisRunner static constructor.
RoslynAnalysisRunner will not be running.
RoslynAnalysisRunner has terminated.
Mono: successfully reloaded assembly
- Completed reload, in  0.875 seconds
Platform modules already initialized, skipping
Refreshing native plugins compatible for Editor in 0.36 ms, found 1 plugins.
Preloading 0 native plugins for Editor in 0.00 ms.
Unloading 1806 Unused Serialized files (Serialized files now loaded: 0)
System memory in use before: 102.5 MB.
System memory in use after: 102.5 MB.

Unloading 12 unused Assets to reduce memory usage. Loaded Objects now: 2423.
Total: 2.190600 ms (FindLiveObjects: 0.315600 ms CreateObjectMapping: 0.050100 ms MarkObjects: 1.698400 ms  DeleteObjects: 0.125400 ms)

========================================================================
Received Prepare
Registering precompiled user dll's ...
Registered in 0.001052 seconds.
Begin MonoManager ReloadAssembly
Native extension for WindowsStandalone target not found
Native extension for WebGL target not found
Refreshing native plugins compatible for Editor in 0.37 ms, found 1 plugins.
Preloading 0 native plugins for Editor in 0.00 ms.
Invoked RoslynAnalysisRunner static constructor.
RoslynAnalysisRunner will not be running.
RoslynAnalysisRunner has terminated.
Mono: successfully reloaded assembly
- Completed reload, in  0.889 seconds
Platform modules already initialized, skipping
Refreshing native plugins compatible for Editor in 0.37 ms, found 1 plugins.
Preloading 0 native plugins for Editor in 0.00 ms.
Unloading 1806 Unused Serialized files (Serialized files now loaded: 0)
System memory in use before: 102.5 MB.
System memory in use after: 102.5 MB.

Unloading 12 unused Assets to reduce memory usage. Loaded Objects now: 2427.
Total: 2.234900 ms (FindLiveObjects: 0.277900 ms CreateObjectMapping: 0.046900 ms MarkObjects: 1.786500 ms  DeleteObjects: 0.122000 ms)

========================================================================
Received Prepare
Registering precompiled user dll's ...
Registered in 0.001187 seconds.
Begin MonoManager ReloadAssembly
Native extension for WindowsStandalone target not found
Native extension for WebGL target not found
Refreshing native plugins compatible for Editor in 0.44 ms, found 1 plugins.
Preloading 0 native plugins for Editor in 0.00 ms.
Invoked RoslynAnalysisRunner static constructor.
RoslynAnalysisRunner will not be running.
RoslynAnalysisRunner has terminated.
Mono: successfully reloaded assembly
- Completed reload, in  0.898 seconds
Platform modules already initialized, skipping
Refreshing native plugins compatible for Editor in 0.37 ms, found 1 plugins.
Preloading 0 native plugins for Editor in 0.00 ms.
Unloading 1806 Unused Serialized files (Serialized files now loaded: 0)
System memory in use before: 102.5 MB.
System memory in use after: 102.5 MB.

Unloading 12 unused Assets to reduce memory usage. Loaded Objects now: 2431.
Total: 2.359200 ms (FindLiveObjects: 0.239300 ms CreateObjectMapping: 0.046800 ms MarkObjects: 1.944000 ms  DeleteObjects: 0.128000 ms)

========================================================================
Received Prepare
Registering precompiled user dll's ...
Registered in 0.001034 seconds.
Begin MonoManager ReloadAssembly
Native extension for WindowsStandalone target not found
Native extension for WebGL target not found
Refreshing native plugins compatible for Editor in 0.48 ms, found 1 plugins.
Preloading 0 native plugins for Editor in 0.00 ms.
Invoked RoslynAnalysisRunner static constructor.
RoslynAnalysisRunner will not be running.
RoslynAnalysisRunner has terminated.
Mono: successfully reloaded assembly
- Completed reload, in  0.915 seconds
Platform modules already initialized, skipping
Refreshing native plugins compatible for Editor in 0.37 ms, found 1 plugins.
Preloading 0 native plugins for Editor in 0.00 ms.
Unloading 1806 Unused Serialized files (Serialized files now loaded: 0)
System memory in use before: 102.5 MB.
System memory in use after: 102.5 MB.

Unloading 12 unused Assets to reduce memory usage. Loaded Objects now: 2435.
Total: 2.189700 ms (FindLiveObjects: 0.224900 ms CreateObjectMapping: 0.047600 ms MarkObjects: 1.790100 ms  DeleteObjects: 0.126100 ms)

========================================================================
Received Import Request.
  Time since last request: 623.059559 seconds.
  path: Assets/Scripts/CardDealer.cs
  artifactKey: Guid(c12b8c086e66acc45a2506cd109ca4b4) Importer(815301076,1909f56bfc062723c751e8b465ee728b)
Start importing Assets/Scripts/CardDealer.cs using Guid(c12b8c086e66acc45a2506cd109ca4b4) Importer(815301076,1909f56bfc062723c751e8b465ee728b)  -> (artifact id: '56723dffa79408b57852127fb318f936') in 0.005304 seconds
  Import took 0.008532 seconds .

========================================================================
Received Prepare
Registering precompiled user dll's ...
Registered in 0.001002 seconds.
Begin MonoManager ReloadAssembly
Native extension for WindowsStandalone target not found
Native extension for WebGL target not found
Refreshing native plugins compatible for Editor in 0.38 ms, found 1 plugins.
Preloading 0 native plugins for Editor in 0.00 ms.
Invoked RoslynAnalysisRunner static constructor.
RoslynAnalysisRunner will not be running.
RoslynAnalysisRunner has terminated.
Mono: successfully reloaded assembly
- Completed reload, in  0.875 seconds
Platform modules already initialized, skipping
Refreshing native plugins compatible for Editor in 0.39 ms, found 1 plugins.
Preloading 0 native plugins for Editor in 0.00 ms.
Unloading 1806 Unused Serialized files (Serialized files now loaded: 0)
System memory in use before: 102.5 MB.
System memory in use after: 102.5 MB.

Unloading 12 unused Assets to reduce memory usage. Loaded Objects now: 2439.
Total: 2.037600 ms (FindLiveObjects: 0.203300 ms CreateObjectMapping: 0.045700 ms MarkObjects: 1.670800 ms  DeleteObjects: 0.117000 ms)

========================================================================
Received Prepare
Registering precompiled user dll's ...
Registered in 0.001028 seconds.
Begin MonoManager ReloadAssembly
Native extension for WindowsStandalone target not found
Native extension for WebGL target not found
Refreshing native plugins compatible for Editor in 0.38 ms, found 1 plugins.
Preloading 0 native plugins for Editor in 0.00 ms.
Invoked RoslynAnalysisRunner static constructor.
RoslynAnalysisRunner will not be running.
RoslynAnalysisRunner has terminated.
Mono: successfully reloaded assembly
- Completed reload, in  0.893 seconds
Platform modules already initialized, skipping
Refreshing native plugins compatible for Editor in 0.36 ms, found 1 plugins.
Preloading 0 native plugins for Editor in 0.00 ms.
Unloading 1806 Unused Serialized files (Serialized files now loaded: 0)
System memory in use before: 102.5 MB.
System memory in use after: 102.5 MB.

Unloading 12 unused Assets to reduce memory usage. Loaded Objects now: 2443.
Total: 2.193600 ms (FindLiveObjects: 0.203300 ms CreateObjectMapping: 0.043900 ms MarkObjects: 1.821300 ms  DeleteObjects: 0.124300 ms)

========================================================================
Received Import Request.
  Time since last request: 381.117916 seconds.
  path: Assets/Scripts/CardDealer.cs
  artifactKey: Guid(c12b8c086e66acc45a2506cd109ca4b4) Importer(815301076,1909f56bfc062723c751e8b465ee728b)
Start importing Assets/Scripts/CardDealer.cs using Guid(c12b8c086e66acc45a2506cd109ca4b4) Importer(815301076,1909f56bfc062723c751e8b465ee728b)  -> (artifact id: '553a0af088b9b6555abb45645ba61d0d') in 0.004683 seconds
  Import took 0.007695 seconds .

========================================================================
Received Prepare
Registering precompiled user dll's ...
Registered in 0.001165 seconds.
Begin MonoManager ReloadAssembly
Native extension for WindowsStandalone target not found
Native extension for WebGL target not found
Refreshing native plugins compatible for Editor in 0.37 ms, found 1 plugins.
Preloading 0 native plugins for Editor in 0.00 ms.
Invoked RoslynAnalysisRunner static constructor.
RoslynAnalysisRunner will not be running.
RoslynAnalysisRunner has terminated.
Mono: successfully reloaded assembly
- Completed reload, in  0.875 seconds
Platform modules already initialized, skipping
Refreshing native plugins compatible for Editor in 0.39 ms, found 1 plugins.
Preloading 0 native plugins for Editor in 0.00 ms.
Unloading 1806 Unused Serialized files (Serialized files now loaded: 0)
System memory in use before: 102.5 MB.
System memory in use after: 102.5 MB.

Unloading 12 unused Assets to reduce memory usage. Loaded Objects now: 2447.
Total: 2.203000 ms (FindLiveObjects: 0.211300 ms CreateObjectMapping: 0.044400 ms MarkObjects: 1.816300 ms  DeleteObjects: 0.130200 ms)

========================================================================
Received Prepare
Registering precompiled user dll's ...
Registered in 0.001378 seconds.
Begin MonoManager ReloadAssembly
Native extension for WindowsStandalone target not found
Native extension for WebGL target not found
Refreshing native plugins compatible for Editor in 0.40 ms, found 1 plugins.
Preloading 0 native plugins for Editor in 0.00 ms.
Invoked RoslynAnalysisRunner static constructor.
RoslynAnalysisRunner will not be running.
RoslynAnalysisRunner has terminated.
Mono: successfully reloaded assembly
- Completed reload, in  0.895 seconds
Platform modules already initialized, skipping
Refreshing native plugins compatible for Editor in 0.58 ms, found 1 plugins.
Preloading 0 native plugins for Editor in 0.00 ms.
Unloading 1806 Unused Serialized files (Serialized files now loaded: 0)
System memory in use before: 102.5 MB.
System memory in use after: 102.5 MB.

Unloading 12 unused Assets to reduce memory usage. Loaded Objects now: 2451.
Total: 2.217300 ms (FindLiveObjects: 0.231900 ms CreateObjectMapping: 0.046200 ms MarkObjects: 1.807900 ms  DeleteObjects: 0.130000 ms)

========================================================================
Received Prepare
Registering precompiled user dll's ...
Registered in 0.001074 seconds.
Begin MonoManager ReloadAssembly
Native extension for WindowsStandalone target not found
Native extension for WebGL target not found
Refreshing native plugins compatible for Editor in 0.37 ms, found 1 plugins.
Preloading 0 native plugins for Editor in 0.00 ms.
Invoked RoslynAnalysisRunner static constructor.
RoslynAnalysisRunner will not be running.
RoslynAnalysisRunner has terminated.
Mono: successfully reloaded assembly
- Completed reload, in  0.875 seconds
Platform modules already initialized, skipping
Refreshing native plugins compatible for Editor in 0.37 ms, found 1 plugins.
Preloading 0 native plugins for Editor in 0.00 ms.
Unloading 1806 Unused Serialized files (Serialized files now loaded: 0)
System memory in use before: 102.5 MB.
System memory in use after: 102.5 MB.

Unloading 12 unused Assets to reduce memory usage. Loaded Objects now: 2455.
Total: 2.777400 ms (FindLiveObjects: 0.402700 ms CreateObjectMapping: 0.081000 ms MarkObjects: 2.157200 ms  DeleteObjects: 0.135000 ms)

========================================================================
Received Prepare
Registering precompiled user dll's ...
Registered in 0.001001 seconds.
Begin MonoManager ReloadAssembly
Native extension for WindowsStandalone target not found
Native extension for WebGL target not found
Refreshing native plugins compatible for Editor in 0.37 ms, found 1 plugins.
Preloading 0 native plugins for Editor in 0.00 ms.
Invoked RoslynAnalysisRunner static constructor.
RoslynAnalysisRunner will not be running.
RoslynAnalysisRunner has terminated.
Mono: successfully reloaded assembly
- Completed reload, in  0.892 seconds
Platform modules already initialized, skipping
Refreshing native plugins compatible for Editor in 0.38 ms, found 1 plugins.
Preloading 0 native plugins for Editor in 0.00 ms.
Unloading 1806 Unused Serialized files (Serialized files now loaded: 0)
System memory in use before: 102.6 MB.
System memory in use after: 102.5 MB.

Unloading 12 unused Assets to reduce memory usage. Loaded Objects now: 2459.
Total: 2.152800 ms (FindLiveObjects: 0.225900 ms CreateObjectMapping: 0.044300 ms MarkObjects: 1.755800 ms  DeleteObjects: 0.125700 ms)

========================================================================
Received Prepare
Registering precompiled user dll's ...
Registered in 0.001016 seconds.
Begin MonoManager ReloadAssembly
Native extension for WindowsStandalone target not found
Native extension for WebGL target not found
Refreshing native plugins compatible for Editor in 0.39 ms, found 1 plugins.
Preloading 0 native plugins for Editor in 0.00 ms.
Invoked RoslynAnalysisRunner static constructor.
RoslynAnalysisRunner will not be running.
RoslynAnalysisRunner has terminated.
Mono: successfully reloaded assembly
- Completed reload, in  0.895 seconds
Platform modules already initialized, skipping
Refreshing native plugins compatible for Editor in 0.39 ms, found 1 plugins.
Preloading 0 native plugins for Editor in 0.00 ms.
Unloading 1806 Unused Serialized files (Serialized files now loaded: 0)
System memory in use before: 102.6 MB.
System memory in use after: 102.5 MB.

Unloading 12 unused Assets to reduce memory usage. Loaded Objects now: 2463.
Total: 3.018400 ms (FindLiveObjects: 0.236500 ms CreateObjectMapping: 0.045500 ms MarkObjects: 2.559400 ms  DeleteObjects: 0.175600 ms)

